<?xml version="1.0" encoding="UTF-8"?>
<testng-results skipped="0" failed="0" total="1" passed="1">
  <reporter-output>
  </reporter-output>
  <suite name="Suite to test Panacast" duration-ms="102335" started-at="2014-05-23T12:21:18Z" finished-at="2014-05-23T12:23:00Z">
    <groups>
    </groups>
    <test name="PanaCast" duration-ms="102335" started-at="2014-05-23T12:21:18Z" finished-at="2014-05-23T12:23:00Z">
      <class name="driverscript.DriverScript">
        <test-method status="PASS" signature="startTesting()[pri:0, instance:driverscript.DriverScript@a287e60]" name="startTesting" is-config="true" duration-ms="29" started-at="2014-05-23T17:51:18Z" finished-at="2014-05-23T17:51:18Z">
          <reporter-output>
          </reporter-output>
        </test-method> <!-- startTesting -->
        <test-method status="PASS" signature="initialize()[pri:0, instance:driverscript.DriverScript@a287e60]" name="initialize" is-config="true" duration-ms="288" started-at="2014-05-23T17:51:18Z" finished-at="2014-05-23T17:51:18Z">
          <reporter-output>
          </reporter-output>
        </test-method> <!-- initialize -->
        <test-method status="PASS" signature="beforeClass()[pri:0, instance:driverscript.DriverScript@a287e60]" name="beforeClass" is-config="true" duration-ms="0" started-at="2014-05-23T17:51:18Z" finished-at="2014-05-23T17:51:18Z">
          <reporter-output>
          </reporter-output>
        </test-method> <!-- beforeClass -->
        <test-method status="PASS" signature="driverScript()[pri:0, instance:driverscript.DriverScript@a287e60]" name="driverScript" duration-ms="102034" started-at="2014-05-23T17:51:18Z" finished-at="2014-05-23T17:53:00Z">
          <reporter-output>
          </reporter-output>
        </test-method> <!-- driverScript -->
        <test-method status="FAIL" signature="EndTest()[pri:0, instance:driverscript.DriverScript@a287e60]" name="EndTest" is-config="true" duration-ms="0" started-at="2014-05-23T17:53:00Z" finished-at="2014-05-23T17:53:00Z">
          <exception class="java.lang.NoClassDefFoundError">
            <message>
              <![CDATA[com/sun/mail/util/MailLogger]]>
            </message>
            <full-stacktrace>
              <![CDATA[java.lang.NoClassDefFoundError: com/sun/mail/util/MailLogger
	at javax.mail.Session.initLogger(Session.java:227)
	at javax.mail.Session.<init>(Session.java:212)
	at javax.mail.Session.getInstance(Session.java:248)
	at Script.Base.mail(Base.java:523)
	at driverscript.DriverScript.EndTest(DriverScript.java:71)
	at sun.reflect.NativeMethodAccessorImpl.invoke0(Native Method)
	at sun.reflect.NativeMethodAccessorImpl.invoke(Unknown Source)
	at sun.reflect.DelegatingMethodAccessorImpl.invoke(Unknown Source)
	at java.lang.reflect.Method.invoke(Unknown Source)
	at org.testng.internal.MethodInvocationHelper.invokeMethod(MethodInvocationHelper.java:84)
	at org.testng.internal.Invoker.invokeConfigurationMethod(Invoker.java:564)
	at org.testng.internal.Invoker.invokeConfigurations(Invoker.java:213)
	at org.testng.internal.Invoker.invokeConfigurations(Invoker.java:138)
	at org.testng.SuiteRunner.privateRun(SuiteRunner.java:308)
	at org.testng.SuiteRunner.run(SuiteRunner.java:240)
	at org.testng.SuiteRunnerWorker.runSuite(SuiteRunnerWorker.java:52)
	at org.testng.SuiteRunnerWorker.run(SuiteRunnerWorker.java:86)
	at org.testng.TestNG.runSuitesSequentially(TestNG.java:1224)
	at org.testng.TestNG.runSuitesLocally(TestNG.java:1149)
	at org.testng.TestNG.run(TestNG.java:1057)
	at org.testng.remote.RemoteTestNG.run(RemoteTestNG.java:111)
	at org.testng.remote.RemoteTestNG.initAndRun(RemoteTestNG.java:204)
	at org.testng.remote.RemoteTestNG.main(RemoteTestNG.java:175)
Caused by: java.lang.ClassNotFoundException: com.sun.mail.util.MailLogger
	at java.net.URLClassLoader$1.run(Unknown Source)
	at java.net.URLClassLoader$1.run(Unknown Source)
	at java.security.AccessController.doPrivileged(Native Method)
	at java.net.URLClassLoader.findClass(Unknown Source)
	at java.lang.ClassLoader.loadClass(Unknown Source)
	at sun.misc.Launcher$AppClassLoader.loadClass(Unknown Source)
	at java.lang.ClassLoader.loadClass(Unknown Source)
	... 23 more
]]>
            </full-stacktrace>
          </exception> <!-- java.lang.NoClassDefFoundError -->
          <reporter-output>
          </reporter-output>
        </test-method> <!-- EndTest -->
      </class> <!-- driverscript.DriverScript -->
    </test> <!-- PanaCast -->
  </suite> <!-- Suite to test Panacast -->
</testng-results>
